<?xml version="1.0" encoding="UTF-8"?>
<!-- Generated by org.testng.reporters.JUnitXMLReporter -->
<testsuite hostname="ECOWS-171" ignored="0" name="Command line test" tests="3" failures="0" timestamp="27 Dec 2019 07:19:04 GMT" time="97.394" errors="0">
  <testcase name="Take" time="31.138" classname="AllTests.MyTest"/>
  <testcase name="Take" time="31.558" classname="AllTests.MyTest"/>
  <testcase name="Take" time="29.304" classname="AllTests.MyTest"/>
</testsuite> <!-- Command line test -->
