<?xml version="1.0" encoding="UTF-8"?>
<testng-results skipped="0" failed="1" ignored="0" total="3" passed="2">
  <reporter-output>
  </reporter-output>
  <suite name="Suite" duration-ms="91791" started-at="2019-12-27T12:06:52 IST" finished-at="2019-12-27T12:08:24 IST">
    <groups>
    </groups>
    <test name="Test" duration-ms="91791" started-at="2019-12-27T12:06:52 IST" finished-at="2019-12-27T12:08:24 IST">
      <class name="AllTests.MyTest">
        <test-method status="PASS" signature="Take(java.lang.String, java.lang.String, java.lang.String, java.lang.String)[pri:0, instance:AllTests.MyTest@7d0587f1]" name="Take" duration-ms="14614" started-at="2019-12-27T12:06:53 IST" data-provider="getdata" finished-at="2019-12-27T12:07:07 IST">
          <params>
            <param index="0">
              <value>
                <![CDATA[Cream]]>
              </value>
            </param>
            <param index="1">
              <value>
                <![CDATA[Summer]]>
              </value>
            </param>
            <param index="2">
              <value>
                <![CDATA[Oily]]>
              </value>
            </param>
            <param index="3">
              <value>
                <![CDATA[Cream Cocoa Butter]]>
              </value>
            </param>
          </params>
          <reporter-output>
          </reporter-output>
        </test-method> <!-- Take -->
        <test-method status="PASS" signature="end()[pri:0, instance:AllTests.MyTest@7d0587f1]" name="end" is-config="true" duration-ms="2336" started-at="2019-12-27T12:07:07 IST" finished-at="2019-12-27T12:07:10 IST">
          <reporter-output>
          </reporter-output>
        </test-method> <!-- end -->
        <test-method status="FAIL" signature="Take(java.lang.String, java.lang.String, java.lang.String, java.lang.String)[pri:0, instance:AllTests.MyTest@7d0587f1]" name="Take" duration-ms="53586" started-at="2019-12-27T12:07:10 IST" data-provider="getdata" finished-at="2019-12-27T12:08:03 IST">
          <params>
            <param index="0">
              <value>
                <![CDATA[Cream]]>
              </value>
            </param>
            <param index="1">
              <value>
                <![CDATA[Summer]]>
              </value>
            </param>
            <param index="2">
              <value>
                <![CDATA[Dry]]>
              </value>
            </param>
            <param index="3">
              <value>
                <![CDATA[Cream Chocolate]]>
              </value>
            </param>
          </params>
          <exception class="org.openqa.selenium.TimeoutException">
            <message>
              <![CDATA[timeout
  (Session info: chrome=79.0.3945.88)
Build info: version: '3.141.59', revision: 'e82be7d358', time: '2018-11-14T08:17:03'
System info: host: 'ECOWS-171', ip: '192.168.1.9', os.name: 'Windows 8.1', os.arch: 'amd64', os.version: '6.3', java.version: '1.8.0_40'
Driver info: org.openqa.selenium.chrome.ChromeDriver
Capabilities {acceptInsecureCerts: false, browserName: chrome, browserVersion: 79.0.3945.88, chrome: {chromedriverVersion: 78.0.3904.105 (60e2d8774a81..., userDataDir: C:\Users\pravin\AppData\Loc...}, goog:chromeOptions: {debuggerAddress: localhost:56561}, javascriptEnabled: true, networkConnectionEnabled: false, pageLoadStrategy: normal, platform: XP, platformName: XP, proxy: Proxy(), setWindowRect: true, strictFileInteractability: false, timeouts: {implicit: 0, pageLoad: 300000, script: 30000}, unhandledPromptBehavior: dismiss and notify}
Session ID: 1c39153df206cfa2bcd4fec022ce945d]]>
            </message>
            <full-stacktrace>
              <![CDATA[org.openqa.selenium.TimeoutException: timeout
  (Session info: chrome=79.0.3945.88)
Build info: version: '3.141.59', revision: 'e82be7d358', time: '2018-11-14T08:17:03'
System info: host: 'ECOWS-171', ip: '192.168.1.9', os.name: 'Windows 8.1', os.arch: 'amd64', os.version: '6.3', java.version: '1.8.0_40'
Driver info: org.openqa.selenium.chrome.ChromeDriver
Capabilities {acceptInsecureCerts: false, browserName: chrome, browserVersion: 79.0.3945.88, chrome: {chromedriverVersion: 78.0.3904.105 (60e2d8774a81..., userDataDir: C:\Users\pravin\AppData\Loc...}, goog:chromeOptions: {debuggerAddress: localhost:56561}, javascriptEnabled: true, networkConnectionEnabled: false, pageLoadStrategy: normal, platform: XP, platformName: XP, proxy: Proxy(), setWindowRect: true, strictFileInteractability: false, timeouts: {implicit: 0, pageLoad: 300000, script: 30000}, unhandledPromptBehavior: dismiss and notify}
Session ID: 1c39153df206cfa2bcd4fec022ce945d
at sun.reflect.NativeConstructorAccessorImpl.newInstance0(Native Method)
at sun.reflect.NativeConstructorAccessorImpl.newInstance(NativeConstructorAccessorImpl.java:62)
at sun.reflect.DelegatingConstructorAccessorImpl.newInstance(DelegatingConstructorAccessorImpl.java:45)
at java.lang.reflect.Constructor.newInstance(Constructor.java:422)
at org.openqa.selenium.remote.http.W3CHttpResponseCodec.createException(W3CHttpResponseCodec.java:187)
at org.openqa.selenium.remote.http.W3CHttpResponseCodec.decode(W3CHttpResponseCodec.java:122)
at org.openqa.selenium.remote.http.W3CHttpResponseCodec.decode(W3CHttpResponseCodec.java:49)
at org.openqa.selenium.remote.HttpCommandExecutor.execute(HttpCommandExecutor.java:158)
at org.openqa.selenium.remote.service.DriverCommandExecutor.execute(DriverCommandExecutor.java:83)
at org.openqa.selenium.remote.RemoteWebDriver.execute(RemoteWebDriver.java:552)
at org.openqa.selenium.remote.RemoteWebDriver.get(RemoteWebDriver.java:277)
at Base.BaseTest.init(BaseTest.java:20)
at AllTests.MyTest.Take(MyTest.java:35)
at sun.reflect.NativeMethodAccessorImpl.invoke0(Native Method)
at sun.reflect.NativeMethodAccessorImpl.invoke(NativeMethodAccessorImpl.java:62)
at sun.reflect.DelegatingMethodAccessorImpl.invoke(DelegatingMethodAccessorImpl.java:43)
at java.lang.reflect.Method.invoke(Method.java:497)
at org.testng.internal.MethodInvocationHelper.invokeMethod(MethodInvocationHelper.java:133)
at org.testng.internal.TestInvoker.invokeMethod(TestInvoker.java:584)
at org.testng.internal.TestInvoker.invokeTestMethod(TestInvoker.java:172)
at org.testng.internal.MethodRunner.runInSequence(MethodRunner.java:46)
at org.testng.internal.TestInvoker$MethodInvocationAgent.invoke(TestInvoker.java:804)
at org.testng.internal.TestInvoker.invokeTestMethods(TestInvoker.java:145)
at org.testng.internal.TestMethodWorker.invokeTestMethods(TestMethodWorker.java:146)
at org.testng.internal.TestMethodWorker.run(TestMethodWorker.java:128)
at org.testng.TestRunner$$Lambda$45/495792375.accept(Unknown Source)
at java.util.ArrayList.forEach(ArrayList.java:1249)
at org.testng.TestRunner.privateRun(TestRunner.java:770)
at org.testng.TestRunner.run(TestRunner.java:591)
at org.testng.SuiteRunner.runTest(SuiteRunner.java:402)
at org.testng.SuiteRunner.runSequentially(SuiteRunner.java:396)
at org.testng.SuiteRunner.privateRun(SuiteRunner.java:355)
at org.testng.SuiteRunner.run(SuiteRunner.java:304)
at org.testng.SuiteRunnerWorker.runSuite(SuiteRunnerWorker.java:53)
at org.testng.SuiteRunnerWorker.run(SuiteRunnerWorker.java:96)
at org.testng.TestNG.runSuitesSequentially(TestNG.java:1180)
at org.testng.TestNG.runSuitesLocally(TestNG.java:1102)
at org.testng.TestNG.runSuites(TestNG.java:1032)
at org.testng.TestNG.run(TestNG.java:1000)
at org.testng.remote.AbstractRemoteTestNG.run(AbstractRemoteTestNG.java:115)
at org.testng.remote.RemoteTestNG.initAndRun(RemoteTestNG.java:251)
at org.testng.remote.RemoteTestNG.main(RemoteTestNG.java:77)
]]>
            </full-stacktrace>
          </exception> <!-- org.openqa.selenium.TimeoutException -->
          <reporter-output>
          </reporter-output>
        </test-method> <!-- Take -->
        <test-method status="PASS" signature="end()[pri:0, instance:AllTests.MyTest@7d0587f1]" name="end" is-config="true" duration-ms="2098" started-at="2019-12-27T12:08:03 IST" finished-at="2019-12-27T12:08:05 IST">
          <reporter-output>
          </reporter-output>
        </test-method> <!-- end -->
        <test-method status="PASS" signature="Take(java.lang.String, java.lang.String, java.lang.String, java.lang.String)[pri:0, instance:AllTests.MyTest@7d0587f1]" name="Take" duration-ms="18235" started-at="2019-12-27T12:08:05 IST" data-provider="getdata" finished-at="2019-12-27T12:08:23 IST">
          <params>
            <param index="0">
              <value>
                <![CDATA[Cream]]>
              </value>
            </param>
            <param index="1">
              <value>
                <![CDATA[Winter]]>
              </value>
            </param>
            <param index="2">
              <value>
                <![CDATA[Normal]]>
              </value>
            </param>
            <param index="3">
              <value>
                <![CDATA[Cream Cinnamon]]>
              </value>
            </param>
          </params>
          <reporter-output>
          </reporter-output>
        </test-method> <!-- Take -->
        <test-method status="PASS" signature="end()[pri:0, instance:AllTests.MyTest@7d0587f1]" name="end" is-config="true" duration-ms="66" started-at="2019-12-27T12:08:23 IST" finished-at="2019-12-27T12:08:24 IST">
          <reporter-output>
          </reporter-output>
        </test-method> <!-- end -->
      </class> <!-- AllTests.MyTest -->
    </test> <!-- Test -->
  </suite> <!-- Suite -->
</testng-results>
